# JRE version: Java(TM) SE Runtime Environment (8.0_333-b02) (build 1.8.0_333-b02)
# Java VM: Java HotSpot(TM) 64-Bit Server VM (25.333-b02 mixed mode windows-amd64 compressed oops)
Heap:
 PSYoungGen      total 339968K, used 258237K [0x00000000eab00000, 0x0000000100000000, 0x0000000100000000)
  eden space 330752K, 78% used [0x00000000eab00000,0x00000000fa72f780,0x00000000fee00000)
  from space 9216K, 0% used [0x00000000ff700000,0x00000000ff700000,0x0000000100000000)
  to   space 9216K, 0% used [0x00000000fee00000,0x00000000fee00000,0x00000000ff700000)
 ParOldGen       total 151552K, used 72520K [0x00000000c0000000, 0x00000000c9400000, 0x00000000eab00000)
  object space 151552K, 47% used [0x00000000c0000000,0x00000000c46d2048,0x00000000c9400000)
 Metaspace       used 14051K, capacity 14686K, committed 14848K, reserved 1062912K
  class space    used 2068K, capacity 2218K, committed 2304K, reserved 1048576K
GC Heap History (10 events):
Event: 457.607 GC heap before
{Heap before GC invocations=52 (full 24):
 PSYoungGen      total 339968K, used 64K [0x00000000eab00000, 0x0000000100000000, 0x0000000100000000)
  eden space 330752K, 0% used [0x00000000eab00000,0x00000000eab00000,0x00000000fee00000)
  from space 9216K, 0% used [0x00000000ff700000,0x00000000ff710000,0x0000000100000000)
  to   space 9216K, 0% used [0x00000000fee00000,0x00000000fee00000,0x00000000ff700000)
 ParOldGen       total 151552K, used 72496K [0x00000000c0000000, 0x00000000c9400000, 0x00000000eab00000)
  object space 151552K, 47% used [0x00000000c0000000,0x00000000c46cc2a0,0x00000000c9400000)
 Metaspace       used 14037K, capacity 14622K, committed 14848K, reserved 1062912K
  class space    used 2068K, capacity 2218K, committed 2304K, reserved 1048576K
Event: 457.697 GC heap after
Heap after GC invocations=52 (full 24):
 PSYoungGen      total 339968K, used 0K [0x00000000eab00000, 0x0000000100000000, 0x0000000100000000)
  eden space 330752K, 0% used [0x00000000eab00000,0x00000000eab00000,0x00000000fee00000)
  from space 9216K, 0% used [0x00000000ff700000,0x00000000ff700000,0x0000000100000000)
  to   space 9216K, 0% used [0x00000000fee00000,0x00000000fee00000,0x00000000ff700000)
 ParOldGen       total 151552K, used 72496K [0x00000000c0000000, 0x00000000c9400000, 0x00000000eab00000)
  object space 151552K, 47% used [0x00000000c0000000,0x00000000c46cc2e8,0x00000000c9400000)
 Metaspace       used 14037K, capacity 14622K, committed 14848K, reserved 1062912K
  class space    used 2068K, capacity 2218K, committed 2304K, reserved 1048576K
}
Event: 472.183 GC heap before
{Heap before GC invocations=53 (full 24):
 PSYoungGen      total 339968K, used 258371K [0x00000000eab00000, 0x0000000100000000, 0x0000000100000000)
  eden space 330752K, 78% used [0x00000000eab00000,0x00000000fa750cd0,0x00000000fee00000)
  from space 9216K, 0% used [0x00000000ff700000,0x00000000ff700000,0x0000000100000000)
  to   space 9216K, 0% used [0x00000000fee00000,0x00000000fee00000,0x00000000ff700000)
 ParOldGen       total 151552K, used 72496K [0x00000000c0000000, 0x00000000c9400000, 0x00000000eab00000)
  object space 151552K, 47% used [0x00000000c0000000,0x00000000c46cc2e8,0x00000000c9400000)
 Metaspace       used 14048K, capacity 14686K, committed 14848K, reserved 1062912K
  class space    used 2068K, capacity 2218K, committed 2304K, reserved 1048576K
Event: 472.184 GC heap after
Heap after GC invocations=53 (full 24):
 PSYoungGen      total 339968K, used 320K [0x00000000eab00000, 0x0000000100000000, 0x0000000100000000)
  eden space 330752K, 0% used [0x00000000eab00000,0x00000000eab00000,0x00000000fee00000)
  from space 9216K, 3% used [0x00000000fee00000,0x00000000fee50000,0x00000000ff700000)
  to   space 9216K, 0% used [0x00000000ff700000,0x00000000ff700000,0x0000000100000000)
 ParOldGen       total 151552K, used 72496K [0x00000000c0000000, 0x00000000c9400000, 0x00000000eab00000)
  object space 151552K, 47% used [0x00000000c0000000,0x00000000c46cc2e8,0x00000000c9400000)
 Metaspace       used 14048K, capacity 14686K, committed 14848K, reserved 1062912K
  class space    used 2068K, capacity 2218K, committed 2304K, reserved 1048576K
}
Event: 472.184 GC heap before
{Heap before GC invocations=54 (full 25):
 PSYoungGen      total 339968K, used 320K [0x00000000eab00000, 0x0000000100000000, 0x0000000100000000)
  eden space 330752K, 0% used [0x00000000eab00000,0x00000000eab00000,0x00000000fee00000)
  from space 9216K, 3% used [0x00000000fee00000,0x00000000fee50000,0x00000000ff700000)
  to   space 9216K, 0% used [0x00000000ff700000,0x00000000ff700000,0x0000000100000000)
 ParOldGen       total 151552K, used 72496K [0x00000000c0000000, 0x00000000c9400000, 0x00000000eab00000)
  object space 151552K, 47% used [0x00000000c0000000,0x00000000c46cc2e8,0x00000000c9400000)
 Metaspace       used 14048K, capacity 14686K, committed 14848K, reserved 1062912K
  class space    used 2068K, capacity 2218K, committed 2304K, reserved 1048576K
Event: 472.250 GC heap after
Heap after GC invocations=54 (full 25):
 PSYoungGen      total 339968K, used 0K [0x00000000eab00000, 0x0000000100000000, 0x0000000100000000)
  eden space 330752K, 0% used [0x00000000eab00000,0x00000000eab00000,0x00000000fee00000)
  from space 9216K, 0% used [0x00000000fee00000,0x00000000fee00000,0x00000000ff700000)
  to   space 9216K, 0% used [0x00000000ff700000,0x00000000ff700000,0x0000000100000000)
 ParOldGen       total 151552K, used 72519K [0x00000000c0000000, 0x00000000c9400000, 0x00000000eab00000)
  object space 151552K, 47% used [0x00000000c0000000,0x00000000c46d1e50,0x00000000c9400000)
 Metaspace       used 14048K, capacity 14686K, committed 14848K, reserved 1062912K
  class space    used 2068K, capacity 2218K, committed 2304K, reserved 1048576K
}
Event: 864.686 GC heap before
{Heap before GC invocations=55 (full 25):
 PSYoungGen      total 339968K, used 3557K [0x00000000eab00000, 0x0000000100000000, 0x0000000100000000)
  eden space 330752K, 1% used [0x00000000eab00000,0x00000000eae79598,0x00000000fee00000)
  from space 9216K, 0% used [0x00000000fee00000,0x00000000fee00000,0x00000000ff700000)
  to   space 9216K, 0% used [0x00000000ff700000,0x00000000ff700000,0x0000000100000000)
 ParOldGen       total 151552K, used 72519K [0x00000000c0000000, 0x00000000c9400000, 0x00000000eab00000)
  object space 151552K, 47% used [0x00000000c0000000,0x00000000c46d1e50,0x00000000c9400000)
 Metaspace       used 14048K, capacity 14686K, committed 14848K, reserved 1062912K
  class space    used 2068K, capacity 2218K, committed 2304K, reserved 1048576K
Event: 864.687 GC heap after
Heap after GC invocations=55 (full 25):
 PSYoungGen      total 339968K, used 160K [0x00000000eab00000, 0x0000000100000000, 0x0000000100000000)
  eden space 330752K, 0% used [0x00000000eab00000,0x00000000eab00000,0x00000000fee00000)
  from space 9216K, 1% used [0x00000000ff700000,0x00000000ff728000,0x0000000100000000)
  to   space 9216K, 0% used [0x00000000fee00000,0x00000000fee00000,0x00000000ff700000)
 ParOldGen       total 151552K, used 72519K [0x00000000c0000000, 0x00000000c9400000, 0x00000000eab00000)
  object space 151552K, 47% used [0x00000000c0000000,0x00000000c46d1e50,0x00000000c9400000)
 Metaspace       used 14048K, capacity 14686K, committed 14848K, reserved 1062912K
  class space    used 2068K, capacity 2218K, committed 2304K, reserved 1048576K
}
Event: 864.687 GC heap before
{Heap before GC invocations=56 (full 26):
 PSYoungGen      total 339968K, used 160K [0x00000000eab00000, 0x0000000100000000, 0x0000000100000000)
  eden space 330752K, 0% used [0x00000000eab00000,0x00000000eab00000,0x00000000fee00000)
  from space 9216K, 1% used [0x00000000ff700000,0x00000000ff728000,0x0000000100000000)
  to   space 9216K, 0% used [0x00000000fee00000,0x00000000fee00000,0x00000000ff700000)
 ParOldGen       total 151552K, used 72519K [0x00000000c0000000, 0x00000000c9400000, 0x00000000eab00000)
  object space 151552K, 47% used [0x00000000c0000000,0x00000000c46d1e50,0x00000000c9400000)
 Metaspace       used 14048K, capacity 14686K, committed 14848K, reserved 1062912K
  class space    used 2068K, capacity 2218K, committed 2304K, reserved 1048576K
Event: 864.743 GC heap after
Heap after GC invocations=56 (full 26):
 PSYoungGen      total 339968K, used 0K [0x00000000eab00000, 0x0000000100000000, 0x0000000100000000)
  eden space 330752K, 0% used [0x00000000eab00000,0x00000000eab00000,0x00000000fee00000)
  from space 9216K, 0% used [0x00000000ff700000,0x00000000ff700000,0x0000000100000000)
  to   space 9216K, 0% used [0x00000000fee00000,0x00000000fee00000,0x00000000ff700000)
 ParOldGen       total 151552K, used 72520K [0x00000000c0000000, 0x00000000c9400000, 0x00000000eab00000)
  object space 151552K, 47% used [0x00000000c0000000,0x00000000c46d2048,0x00000000c9400000)
 Metaspace       used 14048K, capacity 14686K, committed 14848K, reserved 1062912K
  class space    used 2068K, capacity 2218K, committed 2304K, reserved 1048576K
}

