# JRE version: Java(TM) SE Runtime Environment (8.0_333-b02) (build 1.8.0_333-b02)
# Java VM: Java HotSpot(TM) 64-Bit Server VM (25.333-b02 mixed mode windows-amd64 compressed oops)
Heap:
 PSYoungGen      total 328704K, used 53026K [0x00000000eab00000, 0x0000000100000000, 0x0000000100000000)
  eden space 319488K, 16% used [0x00000000eab00000,0x00000000ede70b30,0x00000000fe300000)
  from space 9216K, 3% used [0x00000000ff700000,0x00000000ff758000,0x0000000100000000)
  to   space 14848K, 0% used [0x00000000fe300000,0x00000000fe300000,0x00000000ff180000)
 ParOldGen       total 151552K, used 72501K [0x00000000c0000000, 0x00000000c9400000, 0x00000000eab00000)
  object space 151552K, 47% used [0x00000000c0000000,0x00000000c46cd7c0,0x00000000c9400000)
 Metaspace       used 14046K, capacity 14686K, committed 14848K, reserved 1062912K
  class space    used 2068K, capacity 2218K, committed 2304K, reserved 1048576K
GC Heap History (10 events):
Event: 41.344 GC heap before
{Heap before GC invocations=67 (full 31):
 PSYoungGen      total 339968K, used 22178K [0x00000000eab00000, 0x0000000100000000, 0x0000000100000000)
  eden space 330752K, 6% used [0x00000000eab00000,0x00000000ec0a8820,0x00000000fee00000)
  from space 9216K, 0% used [0x00000000fee00000,0x00000000fee00000,0x00000000ff700000)
  to   space 9216K, 0% used [0x00000000ff700000,0x00000000ff700000,0x0000000100000000)
 ParOldGen       total 151552K, used 72475K [0x00000000c0000000, 0x00000000c9400000, 0x00000000eab00000)
  object space 151552K, 47% used [0x00000000c0000000,0x00000000c46c6c28,0x00000000c9400000)
 Metaspace       used 14031K, capacity 14622K, committed 14848K, reserved 1062912K
  class space    used 2068K, capacity 2218K, committed 2304K, reserved 1048576K
Event: 41.345 GC heap after
Heap after GC invocations=67 (full 31):
 PSYoungGen      total 339968K, used 64K [0x00000000eab00000, 0x0000000100000000, 0x0000000100000000)
  eden space 330752K, 0% used [0x00000000eab00000,0x00000000eab00000,0x00000000fee00000)
  from space 9216K, 0% used [0x00000000ff700000,0x00000000ff710000,0x0000000100000000)
  to   space 9216K, 0% used [0x00000000fee00000,0x00000000fee00000,0x00000000ff700000)
 ParOldGen       total 151552K, used 72475K [0x00000000c0000000, 0x00000000c9400000, 0x00000000eab00000)
  object space 151552K, 47% used [0x00000000c0000000,0x00000000c46c6c28,0x00000000c9400000)
 Metaspace       used 14031K, capacity 14622K, committed 14848K, reserved 1062912K
  class space    used 2068K, capacity 2218K, committed 2304K, reserved 1048576K
}
Event: 41.345 GC heap before
{Heap before GC invocations=68 (full 32):
 PSYoungGen      total 339968K, used 64K [0x00000000eab00000, 0x0000000100000000, 0x0000000100000000)
  eden space 330752K, 0% used [0x00000000eab00000,0x00000000eab00000,0x00000000fee00000)
  from space 9216K, 0% used [0x00000000ff700000,0x00000000ff710000,0x0000000100000000)
  to   space 9216K, 0% used [0x00000000fee00000,0x00000000fee00000,0x00000000ff700000)
 ParOldGen       total 151552K, used 72475K [0x00000000c0000000, 0x00000000c9400000, 0x00000000eab00000)
  object space 151552K, 47% used [0x00000000c0000000,0x00000000c46c6c28,0x00000000c9400000)
 Metaspace       used 14031K, capacity 14622K, committed 14848K, reserved 1062912K
  class space    used 2068K, capacity 2218K, committed 2304K, reserved 1048576K
Event: 41.424 GC heap after
Heap after GC invocations=68 (full 32):
 PSYoungGen      total 339968K, used 0K [0x00000000eab00000, 0x0000000100000000, 0x0000000100000000)
  eden space 330752K, 0% used [0x00000000eab00000,0x00000000eab00000,0x00000000fee00000)
  from space 9216K, 0% used [0x00000000ff700000,0x00000000ff700000,0x0000000100000000)
  to   space 9216K, 0% used [0x00000000fee00000,0x00000000fee00000,0x00000000ff700000)
 ParOldGen       total 151552K, used 72474K [0x00000000c0000000, 0x00000000c9400000, 0x00000000eab00000)
  object space 151552K, 47% used [0x00000000c0000000,0x00000000c46c6be0,0x00000000c9400000)
 Metaspace       used 14031K, capacity 14622K, committed 14848K, reserved 1062912K
  class space    used 2068K, capacity 2218K, committed 2304K, reserved 1048576K
}
Event: 741.501 GC heap before
{Heap before GC invocations=69 (full 32):
 PSYoungGen      total 339968K, used 82150K [0x00000000eab00000, 0x0000000100000000, 0x0000000100000000)
  eden space 330752K, 24% used [0x00000000eab00000,0x00000000efb39ac8,0x00000000fee00000)
  from space 9216K, 0% used [0x00000000ff700000,0x00000000ff700000,0x0000000100000000)
  to   space 9216K, 0% used [0x00000000fee00000,0x00000000fee00000,0x00000000ff700000)
 ParOldGen       total 151552K, used 72474K [0x00000000c0000000, 0x00000000c9400000, 0x00000000eab00000)
  object space 151552K, 47% used [0x00000000c0000000,0x00000000c46c6be0,0x00000000c9400000)
 Metaspace       used 14037K, capacity 14622K, committed 14848K, reserved 1062912K
  class space    used 2068K, capacity 2218K, committed 2304K, reserved 1048576K
Event: 741.502 GC heap after
Heap after GC invocations=69 (full 32):
 PSYoungGen      total 339968K, used 256K [0x00000000eab00000, 0x0000000100000000, 0x0000000100000000)
  eden space 330752K, 0% used [0x00000000eab00000,0x00000000eab00000,0x00000000fee00000)
  from space 9216K, 2% used [0x00000000fee00000,0x00000000fee40000,0x00000000ff700000)
  to   space 9216K, 0% used [0x00000000ff700000,0x00000000ff700000,0x0000000100000000)
 ParOldGen       total 151552K, used 72474K [0x00000000c0000000, 0x00000000c9400000, 0x00000000eab00000)
  object space 151552K, 47% used [0x00000000c0000000,0x00000000c46c6be0,0x00000000c9400000)
 Metaspace       used 14037K, capacity 14622K, committed 14848K, reserved 1062912K
  class space    used 2068K, capacity 2218K, committed 2304K, reserved 1048576K
}
Event: 741.502 GC heap before
{Heap before GC invocations=70 (full 33):
 PSYoungGen      total 339968K, used 256K [0x00000000eab00000, 0x0000000100000000, 0x0000000100000000)
  eden space 330752K, 0% used [0x00000000eab00000,0x00000000eab00000,0x00000000fee00000)
  from space 9216K, 2% used [0x00000000fee00000,0x00000000fee40000,0x00000000ff700000)
  to   space 9216K, 0% used [0x00000000ff700000,0x00000000ff700000,0x0000000100000000)
 ParOldGen       total 151552K, used 72474K [0x00000000c0000000, 0x00000000c9400000, 0x00000000eab00000)
  object space 151552K, 47% used [0x00000000c0000000,0x00000000c46c6be0,0x00000000c9400000)
 Metaspace       used 14037K, capacity 14622K, committed 14848K, reserved 1062912K
  class space    used 2068K, capacity 2218K, committed 2304K, reserved 1048576K
Event: 741.553 GC heap after
Heap after GC invocations=70 (full 33):
 PSYoungGen      total 339968K, used 0K [0x00000000eab00000, 0x0000000100000000, 0x0000000100000000)
  eden space 330752K, 0% used [0x00000000eab00000,0x00000000eab00000,0x00000000fee00000)
  from space 9216K, 0% used [0x00000000fee00000,0x00000000fee00000,0x00000000ff700000)
  to   space 9216K, 0% used [0x00000000ff700000,0x00000000ff700000,0x0000000100000000)
 ParOldGen       total 151552K, used 72501K [0x00000000c0000000, 0x00000000c9400000, 0x00000000eab00000)
  object space 151552K, 47% used [0x00000000c0000000,0x00000000c46cd7c0,0x00000000c9400000)
 Metaspace       used 14037K, capacity 14622K, committed 14848K, reserved 1062912K
  class space    used 2068K, capacity 2218K, committed 2304K, reserved 1048576K
}
Event: 753.673 GC heap before
{Heap before GC invocations=71 (full 33):
 PSYoungGen      total 339968K, used 330752K [0x00000000eab00000, 0x0000000100000000, 0x0000000100000000)
  eden space 330752K, 100% used [0x00000000eab00000,0x00000000fee00000,0x00000000fee00000)
  from space 9216K, 0% used [0x00000000fee00000,0x00000000fee00000,0x00000000ff700000)
  to   space 9216K, 0% used [0x00000000ff700000,0x00000000ff700000,0x0000000100000000)
 ParOldGen       total 151552K, used 72501K [0x00000000c0000000, 0x00000000c9400000, 0x00000000eab00000)
  object space 151552K, 47% used [0x00000000c0000000,0x00000000c46cd7c0,0x00000000c9400000)
 Metaspace       used 14046K, capacity 14686K, committed 14848K, reserved 1062912K
  class space    used 2068K, capacity 2218K, committed 2304K, reserved 1048576K
Event: 753.674 GC heap after
Heap after GC invocations=71 (full 33):
 PSYoungGen      total 328704K, used 352K [0x00000000eab00000, 0x0000000100000000, 0x0000000100000000)
  eden space 319488K, 0% used [0x00000000eab00000,0x00000000eab00000,0x00000000fe300000)
  from space 9216K, 3% used [0x00000000ff700000,0x00000000ff758000,0x0000000100000000)
  to   space 14848K, 0% used [0x00000000fe300000,0x00000000fe300000,0x00000000ff180000)
 ParOldGen       total 151552K, used 72501K [0x00000000c0000000, 0x00000000c9400000, 0x00000000eab00000)
  object space 151552K, 47% used [0x00000000c0000000,0x00000000c46cd7c0,0x00000000c9400000)
 Metaspace       used 14046K, capacity 14686K, committed 14848K, reserved 1062912K
  class space    used 2068K, capacity 2218K, committed 2304K, reserved 1048576K
}

